0 info it worked if it ends with ok
1 verbose cli [ '/home/user/.nvm/versions/node/v5.1.0/bin/node',
1 verbose cli   '/home/user/.nvm/versions/node/v5.1.0/bin/npm',
1 verbose cli   'info',
1 verbose cli   'image-filter-invert' ]
2 info using npm@3.3.12
3 info using node@v5.1.0
4 silly mapToRegistry name image-filter-invert
5 silly mapToRegistry using default registry
6 silly mapToRegistry registry https://registry.npmjs.org/
7 silly mapToRegistry uri https://registry.npmjs.org/image-filter-invert
8 verbose request uri https://registry.npmjs.org/image-filter-invert
9 verbose request no auth needed
10 info attempt registry request try #1 at 7:46:27 AM
11 verbose request using bearer token for auth
12 verbose request id ebdeec9dbe36fb09
13 http request GET https://registry.npmjs.org/image-filter-invert
14 http 404 https://registry.npmjs.org/image-filter-invert
15 verbose headers { 'content-type': 'application/json',
15 verbose headers   'cache-control': 'max-age=0',
15 verbose headers   'content-length': '2',
15 verbose headers   'accept-ranges': 'bytes',
15 verbose headers   date: 'Wed, 09 Mar 2016 07:46:28 GMT',
15 verbose headers   via: '1.1 varnish',
15 verbose headers   connection: 'keep-alive',
15 verbose headers   'x-served-by': 'cache-lhr6327-LHR',
15 verbose headers   'x-cache': 'MISS',
15 verbose headers   'x-cache-hits': '0',
15 verbose headers   'x-timer': 'S1457509588.223615,VS0,VE94' }
16 silly get cb [ 404,
16 silly get   { 'content-type': 'application/json',
16 silly get     'cache-control': 'max-age=0',
16 silly get     'content-length': '2',
16 silly get     'accept-ranges': 'bytes',
16 silly get     date: 'Wed, 09 Mar 2016 07:46:28 GMT',
16 silly get     via: '1.1 varnish',
16 silly get     connection: 'keep-alive',
16 silly get     'x-served-by': 'cache-lhr6327-LHR',
16 silly get     'x-cache': 'MISS',
16 silly get     'x-cache-hits': '0',
16 silly get     'x-timer': 'S1457509588.223615,VS0,VE94' } ]
17 verbose stack Error: Registry returned 404 for GET on https://registry.npmjs.org/image-filter-invert
17 verbose stack     at makeError (/home/user/.nvm/versions/node/v5.1.0/lib/node_modules/npm/node_modules/npm-registry-client/lib/request.js:264:12)
17 verbose stack     at CachingRegistryClient.<anonymous> (/home/user/.nvm/versions/node/v5.1.0/lib/node_modules/npm/node_modules/npm-registry-client/lib/request.js:242:14)
17 verbose stack     at Request._callback (/home/user/.nvm/versions/node/v5.1.0/lib/node_modules/npm/node_modules/npm-registry-client/lib/request.js:172:14)
17 verbose stack     at Request.self.callback (/home/user/.nvm/versions/node/v5.1.0/lib/node_modules/npm/node_modules/request/request.js:198:22)
17 verbose stack     at emitTwo (events.js:87:13)
17 verbose stack     at Request.emit (events.js:172:7)
17 verbose stack     at Request.<anonymous> (/home/user/.nvm/versions/node/v5.1.0/lib/node_modules/npm/node_modules/request/request.js:1082:10)
17 verbose stack     at emitOne (events.js:82:20)
17 verbose stack     at Request.emit (events.js:169:7)
17 verbose stack     at IncomingMessage.<anonymous> (/home/user/.nvm/versions/node/v5.1.0/lib/node_modules/npm/node_modules/request/request.js:1009:12)
18 verbose statusCode 404
19 verbose pkgid image-filter-invert
20 verbose cwd /home/user/dev/personal/image-filters/image-filter-invert
21 error Linux 3.13.0-79-generic
22 error argv "/home/user/.nvm/versions/node/v5.1.0/bin/node" "/home/user/.nvm/versions/node/v5.1.0/bin/npm" "info" "image-filter-invert"
23 error node v5.1.0
24 error npm  v3.3.12
25 error code E404
26 error 404 Registry returned 404 for GET on https://registry.npmjs.org/image-filter-invert
26 error 404
26 error 404 'image-filter-invert' is not in the npm registry.
26 error 404 You should bug the author to publish it (or use the name yourself!)
26 error 404
26 error 404 Note that you can also install from a
26 error 404 tarball, folder, http url, or git url.
27 verbose exit [ 1, true ]
